<?xml version="1.0" encoding="UTF-8"?>
<testsuite xmlns:xsi="http://www.w3.org/2001/XMLSchema-instance" xsi:noNamespaceSchemaLocation="https://maven.apache.org/surefire/maven-surefire-plugin/xsd/surefire-test-report-3.0.xsd" version="3.0" name="max.maxondev.Lab_9_OOP_JAVA.Lab9OopJavaApplicationTests" time="1.077" tests="1" errors="0" skipped="0" failures="0">
  <properties>
[...]
</properties>
  <testcase name="contextLoads" classname="max.maxondev.Lab_9_OOP_JAVA.Lab9OopJavaApplicationTests" time="0.395">
    <system-out><![CDATA[14:09:37.792 [main] INFO org.springframework.test.context.support.AnnotationConfigContextLoaderUtils -- Could not detect default configuration classes for test class [max.maxondev.Lab_9_OOP_JAVA.Lab9OopJavaApplicationTests]: Lab9OopJavaApplicationTests does not declare any static, non-private, non-final, nested classes annotated with @Configuration.
14:09:37.824 [main] INFO org.springframework.boot.test.context.SpringBootTestContextBootstrapper -- Found @SpringBootConfiguration max.maxondev.Lab_9_OOP_JAVA.Lab9OopJavaApplication for test class max.maxondev.Lab_9_OOP_JAVA.Lab9OopJavaApplicationTests

  .   ____          _            __ _ _
 /\\ / ___'_ __ _ _(_)_ __  __ _ \ \ \ \
( ( )\___ | '_ | '_| | '_ \/ _` | \ \ \ \
 \\/  ___)| |_)| | | | | || (_| |  ) ) ) )
  '  |____| .__|_| |_|_| |_\__, | / / / /
 =========|_|==============|___/=/_/_/_/
 :: Spring Boot ::                (v3.2.0)

2023-12-16T14:09:37.938+02:00  INFO 12540 --- [           main] m.m.L.Lab9OopJavaApplicationTests        : Starting Lab9OopJavaApplicationTests using Java 21.0.1 with PID 12540 (started by maxondevelop in /Users/maxondevelop/Documents/ucu/oop/Lab_9_OOP_JAVA)
2023-12-16T14:09:37.939+02:00  INFO 12540 --- [           main] m.m.L.Lab9OopJavaApplicationTests        : No active profile set, falling back to 1 default profile: "default"
2023-12-16T14:09:38.342+02:00  WARN 12540 --- [           main] .s.s.UserDetailsServiceAutoConfiguration : 

Using generated security password: a96d7303-fd1a-408a-9f94-9f1345a07fd0

This generated password is for development use only. Your security configuration must be updated before running your application in production.

2023-12-16T14:09:38.378+02:00  INFO 12540 --- [           main] o.s.s.web.DefaultSecurityFilterChain     : Will secure any request with [org.springframework.security.web.session.DisableEncodeUrlFilter@78d71df1, org.springframework.security.web.context.request.async.WebAsyncManagerIntegrationFilter@456bcb74, org.springframework.security.web.context.SecurityContextHolderFilter@4c0e426a, org.springframework.security.web.header.HeaderWriterFilter@1e79d43, org.springframework.web.filter.CorsFilter@a9c5b75, org.springframework.security.web.csrf.CsrfFilter@77c1e611, org.springframework.security.web.authentication.logout.LogoutFilter@168b4cb0, org.springframework.security.web.authentication.UsernamePasswordAuthenticationFilter@5cf8676a, org.springframework.security.web.authentication.ui.DefaultLoginPageGeneratingFilter@25a7fedf, org.springframework.security.web.authentication.ui.DefaultLogoutPageGeneratingFilter@dd4aec3, org.springframework.security.web.authentication.www.BasicAuthenticationFilter@26837057, org.springframework.security.web.savedrequest.RequestCacheAwareFilter@34d713a2, org.springframework.security.web.servletapi.SecurityContextHolderAwareRequestFilter@36aab105, org.springframework.security.web.authentication.AnonymousAuthenticationFilter@4dac121d, org.springframework.security.web.access.ExceptionTranslationFilter@5dcd0cdf, org.springframework.security.web.access.intercept.AuthorizationFilter@6e60f18]
2023-12-16T14:09:38.393+02:00  INFO 12540 --- [           main] m.m.L.Lab9OopJavaApplicationTests        : Started Lab9OopJavaApplicationTests in 0.528 seconds (process running for 0.874)
]]></system-out>
    <system-err><![CDATA[WARNING: A Java agent has been loaded dynamically (/Users/maxondevelop/.m2/repository/net/bytebuddy/byte-buddy-agent/1.14.10/byte-buddy-agent-1.14.10.jar)
WARNING: If a serviceability tool is in use, please run with -XX:+EnableDynamicAgentLoading to hide this warning
WARNING: If a serviceability tool is not in use, please run with -Djdk.instrument.traceUsage for more information
WARNING: Dynamic loading of agents will be disallowed by default in a future release
]]></system-err>
  </testcase>
</testsuite>